AVAILABLE SHELF SPACE:         830

Advanced iOS 7 Reference       110
The C++ Standard Library       105
OpenGL ES 2.0                   51
Core iOS 6 Cookbook             45
AVAILABLE SHELF SPACE:         519

Advanced iOS 7 Reference       110
OpenGL ES 2.0                   51
Core iOS 6 Cookbook             45
AVAILABLE SHELF SPACE:         624

OpenGL Programmer's Reference  188
Conversational Spanish          56
Problem Solving in Java         76
Operating System Concepts      138
Advanced iOS 7 Reference       110
OpenGL ES 2.0                   51
Core iOS 6 Cookbook             45
AVAILABLE SHELF SPACE:         166

Cryptography & Data Security    86
OpenGL Programmer's Reference  188
Conversational Spanish          56
Problem Solving in Java         76
Operating System Concepts      138
Advanced iOS 7 Reference       110
OpenGL ES 2.0                   51
Core iOS 6 Cookbook             45
AVAILABLE SHELF SPACE:          80

Large Scale Unit Testing        99
Cryptography & Data Security    86
OpenGL Programmer's Reference  188
Conversational Spanish          56
Problem Solving in Java         76
Operating System Concepts      138
Advanced iOS 7 Reference       110
OpenGL ES 2.0                   51
AVAILABLE SHELF SPACE:          26

Cryptography & Data Security    86
OpenGL Programmer's Reference  188
Conversational Spanish          56
Problem Solving in Java         76
Operating System Concepts      138
Advanced iOS 7 Reference       110
OpenGL ES 2.0                   51
AVAILABLE SHELF SPACE:          71

Advanced iOS 7 Reference       110
Conversational Spanish          56
Cryptography & Data Security    86
OpenGL Programmer's Reference  188
Operating System Concepts      138
Problem Solving in Java         76
The C++ Standard Library       105
AVAILABLE SHELF SPACE:          17

